<?xml version="1.0" encoding="UTF-8"?>
<!-- Generated by org.testng.reporters.JUnitReportReporter -->
<testsuite hostname="DESKTOP-BFD7TB1" failures="0" tests="1" name="learnertracker.test.TestClass" time="2.326" errors="0" timestamp="2024-02-05T12:20:45 IST" skipped="0">
  <testcase classname="learnertracker.test.TestClass" name="title_check" time="2.326"/>
  <system-out/>
</testsuite> <!-- learnertracker.test.TestClass -->
